430
0 L 0 1 1
0 L 0 0 1
0 L 0 4 1
0 L 0 2 1
0 L 0 0 1
0 L 0 0 1
0 L 0 0 1
0 L 0 0 1
0 L 0 6 1
0 L 0 0 1
0 L 0 9 1
0 L 0 0 1
0 L 0 23 1
0 L 0 0 1
0 L 0 40 1
0 L 0 3 1
0 L 0 7 1
0 L 0 0 1
0 L 0 0 1
0 L 0 0 1
0 L 0 0 1
0 L 0 2 1
0 L 0 0 1
0 L 0 0 1
0 L 0 1 1
0 L 0 16 1
0 L 0 3 1
0 L 0 0 1
0 L 0 0 1
0 L 0 25 1
0 L 0 0 1
0 L 0 0 1
0 L 0 5 1
0 L 0 0 1
0 L 0 2 1
0 L 0 7 1
0 L 0 2 1
0 L 0 2 1
0 L 0 3 1
0 L 0 0 1
0 L 0 2 1
0 L 0 0 1
0 L 0 3 1
0 L 0 2 1
0 L 0 0 1
0 L 0 3 1
0 L 0 3 1
0 L 0 3 1
0 L 0 3 1
0 L 0 0 1
0 L 0 8 1
0 L 0 0 1
0 L 0 10 1
0 L 0 0 1
0 L 0 0 1
0 L 0 0 1
0 L 0 0 1
0 L 0 4 1
0 L 0 43 1
0 L 0 0 1
0 L 0 4 1
0 L 0 4 1
0 L 0 3 1
0 L 0 11 1
0 L 0 4 1
0 L 0 1 1
0 L 0 0 1
0 L 0 0 1
0 L 0 0 1
0 L 0 11 1
0 L 0 4 1
0 L 0 0 1
0 L 0 0 1
0 L 0 0 1
0 L 0 3 1
0 L 0 6 1
0 L 0 4 1
0 L 0 2 1
0 L 0 0 1
0 L 0 0 1
0 L 0 0 1
0 L 0 3 1
0 L 0 0 1
0 L 0 3 1
0 L 0 0 1
0 L 0 6 1
0 L 0 0 1
0 L 0 0 1
0 L 0 3 1
0 L 0 0 1
0 L 0 0 1
0 L 0 1 1
0 L 0 0 1
0 L 0 0 1
0 L 0 0 1
0 L 0 1 1
0 L 0 6 1
0 L 0 0 1
0 L 0 1 1
0 L 0 5 1
0 L 0 7 1
0 L 0 1 1
0 L 0 0 1
0 L 0 0 1
0 L 0 12 1
0 L 0 0 1
0 L 0 7 1
0 L 0 0 1
0 L 0 0 1
0 L 0 7 1
0 L 0 3 1
0 L 0 1 1
0 L 0 8 1
0 L 0 0 1
0 L 0 6 1
0 L 0 1 1
0 L 0 46 1
0 L 0 0 1
0 L 0 1 1
0 L 0 2 1
0 L 0 3 1
0 L 0 0 1
0 L 0 5 1
0 L 0 1 1
0 L 0 1 1
0 L 0 0 1
0 L 0 2 1
0 L 0 8 1
0 L 0 16 1
0 L 0 10 1
0 L 0 0 1
0 L 0 0 1
0 L 0 6 1
0 L 0 12 1
0 L 0 0 1
0 L 0 0 1
0 L 0 8 1
0 L 0 0 1
0 L 0 5 1
0 L 0 0 1
0 L 0 0 1
0 L 0 1 1
0 L 0 0 1
0 L 0 0 1
0 L 0 1 1
0 L 0 0 1
0 L 0 1 1
0 L 0 0 1
0 L 0 0 1
0 L 0 0 1
0 L 0 4 1
0 L 0 7 1
0 L 0 2 1
0 L 0 0 1
0 L 0 8 1
0 L 0 0 1
0 L 0 0 1
0 L 0 0 1
0 L 0 0 1
0 L 0 0 1
0 L 0 85 1
0 L 0 0 1
0 L 0 0 1
0 L 0 4 1
0 L 0 5 1
0 L 0 0 1
0 L 0 0 1
0 L 0 4 1
0 L 0 0 1
0 L 0 3 1
0 L 0 0 1
0 L 0 0 1
0 L 0 3 1
0 L 0 2 1
0 L 0 0 1
0 L 0 6 1
0 L 0 1 1
0 L 0 2 1
0 L 0 0 1
0 L 0 0 1
0 L 0 0 1
0 L 0 5 1
0 L 0 0 1
0 L 0 0 1
0 L 0 0 1
0 L 0 0 1
0 L 0 3 1
0 L 0 0 1
0 L 0 4 1
0 L 0 8 1
0 L 0 1 1
0 L 0 2 1
0 L 0 2 1
0 L 0 0 1
0 L 0 2 1
0 L 0 0 1
0 L 0 0 1
0 L 0 4 1
0 L 0 0 1
0 L 0 2 1
0 L 0 0 1
0 L 0 7 1
0 L 0 0 1
0 L 0 3 1
0 L 0 1 1
0 L 0 7 1
0 L 0 0 1
0 L 0 5 1
0 L 0 2 1
0 L 0 2 1
0 L 0 4 1
0 L 0 0 1
0 L 0 0 1
0 L 0 0 1
0 L 0 7 1
0 L 0 2 1
0 L 0 13 1
0 L 0 0 1
0 L 0 5 1
0 L 0 4 1
0 L 0 0 1
0 L 0 6 1
0 L 0 0 1
0 L 0 2 1
0 L 0 0 1
0 L 0 7 1
0 L 0 0 1
0 L 0 4 1
0 L 0 0 1
0 L 0 4 1
0 L 0 3 1
0 L 0 0 1
0 L 0 0 1
0 L 0 0 1
0 L 0 2 1
0 L 0 36 1
0 L 0 2 1
0 L 0 7 1
0 L 0 0 1
0 L 0 2 1
0 L 0 0 1
0 L 0 8 1
0 L 0 8 1
0 L 0 5 1
0 L 0 0 1
0 L 0 0 1
0 L 0 0 1
0 L 0 0 1
0 L 0 0 1
0 L 0 0 1
0 L 0 1 1
0 L 0 37 1
0 L 0 1 1
0 L 0 6 1
0 L 0 0 1
0 L 0 5 1
0 L 0 25 1
0 L 0 0 1
0 L 0 0 1
0 L 0 4 1
0 L 0 1 1
0 L 0 0 1
0 L 0 9 1
0 L 0 4 1
0 L 0 0 1
0 L 0 45 1
0 L 0 2 1
0 L 0 0 1
0 L 0 4 1
0 L 0 0 1
0 L 0 9 1
0 L 0 0 1
0 L 0 0 1
0 L 0 0 1
0 L 0 0 1
0 L 0 3 1
0 L 0 0 1
0 L 0 0 1
0 L 0 6 1
0 L 0 0 1
0 L 0 1 1
0 L 0 1 1
0 L 0 0 1
0 L 0 7 1
0 L 0 0 1
0 L 0 2 1
0 L 0 0 1
0 L 0 6 1
0 L 0 2 1
0 L 0 0 1
0 L 0 3 1
0 L 0 2 1
0 L 0 0 1
0 L 0 3 1
0 L 0 0 1
0 L 0 14 1
0 L 0 0 1
0 L 0 7 1
0 L 0 0 1
0 L 0 4 1
0 L 0 5 1
0 L 0 8 1
0 L 0 0 1
0 L 0 57 1
0 L 0 1 1
0 L 0 0 1
0 L 0 0 1
0 L 0 0 1
0 L 0 0 1
0 L 0 0 1
0 L 0 1 1
0 L 0 0 1
0 L 0 0 1
0 L 0 3 1
0 L 0 4 1
0 L 0 0 1
0 L 0 0 1
0 L 0 1 1
0 L 0 1 1
0 L 0 0 1
0 L 0 0 1
0 L 0 0 1
0 L 0 2 1
0 L 0 5 1
0 L 0 0 1
0 L 0 0 1
0 L 0 2 1
0 L 0 1 1
0 L 0 7 1
0 L 0 1 1
0 L 0 2 1
0 L 0 0 1
0 L 0 0 1
0 L 0 0 1
0 L 0 0 1
0 L 0 0 1
0 L 0 0 1
0 L 0 41 1
0 L 0 0 1
0 L 0 0 1
0 L 0 1 1
0 L 0 0 1
0 L 0 5 1
0 L 0 3 1
0 L 0 0 1
0 L 0 3 1
0 L 0 0 1
0 L 0 6 1
0 L 0 9 1
0 L 0 0 1
0 L 0 8 1
0 L 0 0 1
0 L 0 0 1
0 L 0 38 1
0 L 0 2 1
0 L 0 0 1
0 L 0 0 1
0 L 0 0 1
0 L 0 0 1
0 L 0 5 1
0 L 0 6 1
0 L 0 4 1
0 L 0 0 1
0 L 0 0 1
0 L 0 0 1
0 L 0 0 1
0 L 0 0 1
0 L 0 0 1
0 L 0 0 1
0 L 0 22 1
0 L 0 0 1
0 L 0 6 1
0 L 0 0 1
0 L 0 0 1
0 L 0 4 1
0 L 0 6 1
0 L 0 0 1
0 L 0 4 1
0 L 0 2 1
0 L 0 24 1
0 L 0 0 1
0 L 0 0 1
0 L 0 8 1
0 L 0 4 1
0 L 0 0 1
0 L 0 1 1
0 L 0 36 1
0 L 0 0 1
0 L 0 0 1
0 L 0 0 1
0 L 0 3 1
0 L 0 6 1
0 L 0 0 1
0 L 0 2 1
0 L 0 0 1
0 L 0 0 1
0 L 0 7 1
0 L 0 5 1
0 L 0 6 1
0 L 0 0 1
0 D 1249 0 194
0 D 1249 1 30
0 D 1249 2 33
0 D 1249 3 26
0 D 1249 4 24
0 D 1249 5 14
0 D 1249 6 16
0 D 1249 7 14
0 D 1249 8 10
0 D 1249 9 3
0 D 1249 10 1
0 D 1249 11 1
0 D 1249 12 1
0 D 1249 13 0
0 D 1249 14 0
0 D 1249 16 1
0 D 1249 22 0
0 D 1249 23 0
0 D 1249 24 0
0 D 1249 25 1
0 D 1249 36 1
0 D 1249 37 0
0 D 1249 38 0
0 D 1249 40 0
0 D 1249 41 0
0 D 1249 43 0
0 D 1249 45 0
0 D 1249 46 0
0 D 1249 57 0
0 D 1249 85 0
